2021-09-03 13:03:56 FATAL App:14 - FATAL Message
2021-09-03 13:05:24 WARN  App:13 - WARN Message
2021-09-03 13:05:24 FATAL App:14 - FATAL Message
2021-09-03 13:05:24 ERROR App:15 - ERROR Message
2021-09-03 13:05:29 INFO  App:32 - Notification Sent
2021-09-03 13:05:29 INFO  App:22 - Running
2021-09-03 13:05:34 INFO  App:32 - Notification Sent
2021-09-03 13:05:34 INFO  App:22 - Running
2021-09-03 13:05:39 INFO  App:32 - Notification Sent
2021-09-03 13:05:39 INFO  App:22 - Running
2021-09-03 13:05:44 INFO  App:32 - Notification Sent
2021-09-03 13:05:44 INFO  App:22 - Running
2021-09-03 13:05:49 INFO  App:32 - Notification Sent
2021-09-03 13:05:49 INFO  App:22 - Running
2021-09-03 13:05:54 INFO  App:32 - Notification Sent
2021-09-03 13:05:54 INFO  App:22 - Running
2021-09-03 13:05:59 INFO  App:32 - Notification Sent
2021-09-03 13:05:59 INFO  App:22 - Running
2021-09-03 13:06:04 INFO  App:32 - Notification Sent
2021-09-03 13:06:04 INFO  App:22 - Running
2021-09-03 13:06:09 INFO  App:32 - Notification Sent
2021-09-03 13:06:09 INFO  App:22 - Running
2021-09-03 13:06:14 INFO  App:32 - Notification Sent
2021-09-03 13:06:14 INFO  App:22 - Running
2021-09-03 13:06:19 INFO  App:32 - Notification Sent
2021-09-03 13:06:19 INFO  App:22 - Running
2021-09-03 13:06:24 INFO  App:32 - Notification Sent
2021-09-03 13:06:24 INFO  App:22 - Running
2021-09-03 13:06:29 INFO  App:32 - Notification Sent
2021-09-03 13:06:29 INFO  App:22 - Running
2021-09-03 13:06:34 INFO  App:32 - Notification Sent
2021-09-03 13:06:34 INFO  App:22 - Running
2021-09-03 13:06:39 INFO  App:32 - Notification Sent
2021-09-03 13:06:39 INFO  App:22 - Running
2021-09-03 13:06:44 INFO  App:32 - Notification Sent
2021-09-03 13:06:44 INFO  App:22 - Running
2021-09-03 13:06:49 INFO  App:32 - Notification Sent
2021-09-03 13:06:49 INFO  App:22 - Running
2021-09-03 13:06:54 INFO  App:32 - Notification Sent
2021-09-03 13:06:54 INFO  App:22 - Running
2021-09-03 13:06:59 INFO  App:32 - Notification Sent
2021-09-03 13:06:59 INFO  App:22 - Running
2021-09-03 13:07:04 INFO  App:32 - Notification Sent
2021-09-03 13:07:04 INFO  App:22 - Running
2021-09-03 13:07:09 INFO  App:32 - Notification Sent
2021-09-03 13:07:09 INFO  App:22 - Running
2021-09-03 13:07:14 INFO  App:32 - Notification Sent
2021-09-03 13:07:14 INFO  App:22 - Running
2021-09-03 13:07:19 INFO  App:32 - Notification Sent
2021-09-03 13:07:19 INFO  App:22 - Running
2021-09-03 13:07:24 INFO  App:32 - Notification Sent
2021-09-03 13:07:24 INFO  App:22 - Running
2021-09-03 13:07:29 INFO  App:32 - Notification Sent
2021-09-03 13:07:29 INFO  App:22 - Running
2021-09-03 13:07:34 INFO  App:32 - Notification Sent
2021-09-03 13:07:34 INFO  App:22 - Running
2021-09-03 13:07:39 INFO  App:32 - Notification Sent
2021-09-03 13:07:39 INFO  App:22 - Running
2021-09-03 13:07:44 INFO  App:32 - Notification Sent
2021-09-03 13:07:44 INFO  App:22 - Running
2021-09-03 13:07:49 INFO  App:32 - Notification Sent
2021-09-03 13:07:49 INFO  App:22 - Running
2021-09-03 13:07:54 INFO  App:32 - Notification Sent
2021-09-03 13:07:54 INFO  App:22 - Running
2021-09-03 13:07:59 INFO  App:32 - Notification Sent
2021-09-03 13:07:59 INFO  App:22 - Running
2021-09-03 13:08:04 INFO  App:32 - Notification Sent
2021-09-03 13:08:04 INFO  App:22 - Running
2021-09-03 13:08:09 INFO  App:32 - Notification Sent
2021-09-03 13:08:09 INFO  App:22 - Running
2021-09-03 13:08:14 INFO  App:32 - Notification Sent
2021-09-03 13:08:14 INFO  App:22 - Running
2021-09-03 13:08:19 INFO  App:32 - Notification Sent
2021-09-03 13:08:19 INFO  App:22 - Running
2021-09-03 13:08:24 INFO  App:32 - Notification Sent
2021-09-03 13:08:24 INFO  App:22 - Running
2021-09-03 13:08:29 INFO  App:32 - Notification Sent
2021-09-03 13:08:29 INFO  App:22 - Running
2021-09-03 13:08:34 INFO  App:32 - Notification Sent
2021-09-03 13:08:34 INFO  App:22 - Running
2021-09-03 13:08:39 INFO  App:32 - Notification Sent
2021-09-03 13:08:39 INFO  App:22 - Running
2021-09-03 13:08:44 INFO  App:32 - Notification Sent
2021-09-03 13:08:44 INFO  App:22 - Running
2021-09-03 13:08:49 INFO  App:32 - Notification Sent
2021-09-03 13:08:49 INFO  App:22 - Running
2021-09-03 13:08:54 INFO  App:32 - Notification Sent
2021-09-03 13:08:54 INFO  App:22 - Running
2021-09-03 13:08:59 INFO  App:32 - Notification Sent
2021-09-03 13:08:59 INFO  App:22 - Running
2021-09-03 13:09:04 INFO  App:32 - Notification Sent
2021-09-03 13:09:04 INFO  App:22 - Running
2021-09-03 13:09:09 INFO  App:32 - Notification Sent
2021-09-03 13:09:09 INFO  App:22 - Running
2021-09-03 13:09:14 INFO  App:32 - Notification Sent
2021-09-03 13:09:14 INFO  App:22 - Running
2021-09-03 13:09:19 INFO  App:32 - Notification Sent
2021-09-03 13:09:19 INFO  App:22 - Running
2021-09-03 13:09:24 INFO  App:32 - Notification Sent
2021-09-03 13:09:24 INFO  App:22 - Running
2021-09-03 13:09:29 INFO  App:32 - Notification Sent
2021-09-03 13:09:29 INFO  App:22 - Running
2021-09-03 13:09:34 INFO  App:32 - Notification Sent
2021-09-03 13:09:34 INFO  App:22 - Running
2021-09-03 13:09:39 INFO  App:32 - Notification Sent
2021-09-03 13:09:39 INFO  App:22 - Running
2021-09-03 13:09:44 INFO  App:32 - Notification Sent
2021-09-03 13:09:44 INFO  App:22 - Running
2021-09-03 13:09:49 INFO  App:32 - Notification Sent
2021-09-03 13:09:49 INFO  App:22 - Running
2021-09-03 13:09:54 INFO  App:32 - Notification Sent
2021-09-03 13:09:54 INFO  App:22 - Running
2021-09-03 13:09:59 INFO  App:32 - Notification Sent
2021-09-03 13:09:59 INFO  App:22 - Running
2021-09-03 13:10:04 INFO  App:32 - Notification Sent
2021-09-03 13:10:04 INFO  App:22 - Running
2021-09-03 13:10:09 INFO  App:32 - Notification Sent
2021-09-03 13:10:09 INFO  App:22 - Running
2021-09-03 13:10:14 INFO  App:32 - Notification Sent
2021-09-03 13:10:14 INFO  App:22 - Running
2021-09-03 13:10:19 INFO  App:32 - Notification Sent
2021-09-03 13:10:19 INFO  App:22 - Running
2021-09-03 13:10:24 INFO  App:32 - Notification Sent
2021-09-03 13:10:24 INFO  App:22 - Running
2021-09-03 13:10:29 INFO  App:32 - Notification Sent
2021-09-03 13:10:29 INFO  App:22 - Running
2021-09-03 13:10:34 INFO  App:32 - Notification Sent
2021-09-03 13:10:34 INFO  App:22 - Running
2021-09-03 13:10:39 INFO  App:32 - Notification Sent
2021-09-03 13:10:39 INFO  App:22 - Running
2021-09-03 13:10:44 INFO  App:32 - Notification Sent
2021-09-03 13:10:44 INFO  App:22 - Running
2021-09-03 13:10:49 INFO  App:32 - Notification Sent
2021-09-03 13:10:49 INFO  App:22 - Running
2021-09-03 13:10:54 INFO  App:32 - Notification Sent
2021-09-03 13:10:54 INFO  App:22 - Running
2021-09-03 13:10:59 INFO  App:32 - Notification Sent
2021-09-03 13:10:59 INFO  App:22 - Running
2021-09-03 13:11:04 INFO  App:32 - Notification Sent
2021-09-03 13:11:04 INFO  App:22 - Running
2021-09-03 13:11:09 INFO  App:32 - Notification Sent
2021-09-03 13:11:09 INFO  App:22 - Running
2021-09-03 13:11:14 INFO  App:32 - Notification Sent
2021-09-03 13:11:14 INFO  App:22 - Running
2021-09-03 13:11:19 INFO  App:32 - Notification Sent
2021-09-03 13:11:19 INFO  App:22 - Running
2021-09-03 13:11:24 INFO  App:32 - Notification Sent
2021-09-03 13:11:24 INFO  App:22 - Running
2021-09-03 13:11:29 INFO  App:32 - Notification Sent
2021-09-03 13:11:29 INFO  App:22 - Running
2021-09-03 13:11:34 INFO  App:32 - Notification Sent
2021-09-03 13:11:34 INFO  App:22 - Running
2021-09-03 13:11:39 INFO  App:32 - Notification Sent
2021-09-03 13:11:39 INFO  App:22 - Running
2021-09-03 13:11:44 INFO  App:32 - Notification Sent
2021-09-03 13:11:44 INFO  App:22 - Running
2021-09-03 13:11:49 INFO  App:32 - Notification Sent
2021-09-03 13:11:49 INFO  App:22 - Running
